<?xml version="1.0" encoding="UTF-8"?>
<!-- Generated by org.testng.reporters.JUnitXMLReporter -->
<testsuite ignored="7" hostname="DESKTOP-QGP3G9T" failures="0" tests="2" name="Test" time="0.105" errors="0" timestamp="2023-05-30T12:33:19 IST">
  <testcase classname="groupexecution.Test1" name="tc1" time="0.014"/>
  <testcase classname="groupexecution.Test2" name="tc2" time="0.002"/>
  <testcase classname="groupexecution.Test1" name="tc2" time="0.0">
    <ignored/>
  </testcase> <!-- tc2 -->
  <testcase classname="groupexecution.Test2" name="tc1" time="0.0">
    <ignored/>
  </testcase> <!-- tc1 -->
  <testcase classname="groupexecution.Test1" name="tc3" time="0.0">
    <ignored/>
  </testcase> <!-- tc3 -->
  <testcase classname="groupexecution.Test3" name="tc1" time="0.0">
    <ignored/>
  </testcase> <!-- tc1 -->
  <testcase classname="groupexecution.Test2" name="tc3" time="0.0">
    <ignored/>
  </testcase> <!-- tc3 -->
  <testcase classname="groupexecution.Test3" name="tc2" time="0.0">
    <ignored/>
  </testcase> <!-- tc2 -->
  <testcase classname="groupexecution.Test3" name="tc3" time="0.0">
    <ignored/>
  </testcase> <!-- tc3 -->
</testsuite> <!-- Test -->
