<?xml version="1.0" encoding="UTF-8"?>
<testng-results ignored="7" total="9" passed="2" failed="0" skipped="0">
  <reporter-output>
  </reporter-output>
  <suite started-at="2023-05-30T12:33:18 IST" name="Suite" finished-at="2023-05-30T12:33:19 IST" duration-ms="105">
    <groups>
      <group name="Regression">
        <method signature="Test2.tc2()[pri:0, instance:groupexecution.Test2@1ba9117e]" name="tc2" class="groupexecution.Test2"/>
      </group> <!-- Regression -->
      <group name="Smoke">
        <method signature="Test1.tc1()[pri:0, instance:groupexecution.Test1@10959ece]" name="tc1" class="groupexecution.Test1"/>
        <method signature="Test2.tc2()[pri:0, instance:groupexecution.Test2@1ba9117e]" name="tc2" class="groupexecution.Test2"/>
      </group> <!-- Smoke -->
    </groups>
    <test started-at="2023-05-30T12:33:18 IST" name="Test" finished-at="2023-05-30T12:33:19 IST" duration-ms="105">
      <class name="groupexecution.Test2">
        <test-method signature="tc2()[pri:0, instance:groupexecution.Test2@1ba9117e]" started-at="2023-05-30T12:33:19 IST" name="tc2" finished-at="2023-05-30T12:33:19 IST" duration-ms="2" status="PASS">
          <reporter-output>
          </reporter-output>
        </test-method> <!-- tc2 -->
      </class> <!-- groupexecution.Test2 -->
      <class name="groupexecution.Test1">
        <test-method signature="tc1()[pri:0, instance:groupexecution.Test1@10959ece]" started-at="2023-05-30T12:33:18 IST" name="tc1" finished-at="2023-05-30T12:33:18 IST" duration-ms="14" status="PASS">
          <reporter-output>
          </reporter-output>
        </test-method> <!-- tc1 -->
      </class> <!-- groupexecution.Test1 -->
    </test> <!-- Test -->
  </suite> <!-- Suite -->
</testng-results>
